<?xml version="1.0" encoding="UTF-8"?>
<testsuite xmlns:xsi="http://www.w3.org/2001/XMLSchema-instance" xsi:noNamespaceSchemaLocation="https://maven.apache.org/surefire/maven-surefire-plugin/xsd/surefire-test-report.xsd" name="com.Group01.app.AppTest" time="0.063" tests="1" errors="0" skipped="0" failures="0">
  <properties>
    <property name="java.specification.version" value="15"/>
    <property name="sun.cpu.isalist" value="amd64"/>
    <property name="sun.jnu.encoding" value="Cp1252"/>
    <property name="java.class.path" value="C:\Users\amaia\Documents\TMP\Uni\Ingenieria informatica\3º\2º cuatri\SPQ\BSPQ21-E1\AirB&amp;V\target\test-classes;C:\Users\amaia\Documents\TMP\Uni\Ingenieria informatica\3º\2º cuatri\SPQ\BSPQ21-E1\AirB&amp;V\target\classes;C:\Users\amaia\.m2\repository\junit\junit\4.11\junit-4.11.jar;C:\Users\amaia\.m2\repository\org\hamcrest\hamcrest-core\1.3\hamcrest-core-1.3.jar;"/>
    <property name="java.vm.vendor" value="AdoptOpenJDK"/>
    <property name="sun.arch.data.model" value="64"/>
    <property name="user.variant" value=""/>
    <property name="java.vendor.url" value="https://adoptopenjdk.net/"/>
    <property name="user.timezone" value="Europe/Madrid"/>
    <property name="os.name" value="Windows 10"/>
    <property name="java.vm.specification.version" value="15"/>
    <property name="sun.java.launcher" value="SUN_STANDARD"/>
    <property name="user.country" value="ES"/>
    <property name="sun.boot.library.path" value="C:\Programming\Java\jdk-15.0.0.36-hotspot\bin"/>
    <property name="sun.java.command" value="C:\Users\amaia\AppData\Local\Temp\surefire12772306390353847900\surefirebooter6954535750653339926.jar C:\Users\amaia\AppData\Local\Temp\surefire12772306390353847900 2021-03-18T09-12-26_956-jvmRun1 surefire8327219882974264060tmp surefire_014691019056277491985tmp"/>
    <property name="jdk.debug" value="release"/>
    <property name="surefire.test.class.path" value="C:\Users\amaia\Documents\TMP\Uni\Ingenieria informatica\3º\2º cuatri\SPQ\BSPQ21-E1\AirB&amp;V\target\test-classes;C:\Users\amaia\Documents\TMP\Uni\Ingenieria informatica\3º\2º cuatri\SPQ\BSPQ21-E1\AirB&amp;V\target\classes;C:\Users\amaia\.m2\repository\junit\junit\4.11\junit-4.11.jar;C:\Users\amaia\.m2\repository\org\hamcrest\hamcrest-core\1.3\hamcrest-core-1.3.jar;"/>
    <property name="sun.cpu.endian" value="little"/>
    <property name="user.home" value="C:\Users\amaia"/>
    <property name="user.language" value="es"/>
    <property name="java.specification.vendor" value="Oracle Corporation"/>
    <property name="java.version.date" value="2020-09-15"/>
    <property name="java.home" value="C:\Programming\Java\jdk-15.0.0.36-hotspot"/>
    <property name="file.separator" value="\"/>
    <property name="basedir" value="C:\Users\amaia\Documents\TMP\Uni\Ingenieria informatica\3º\2º cuatri\SPQ\BSPQ21-E1\AirB&amp;V"/>
    <property name="java.vm.compressedOopsMode" value="32-bit"/>
    <property name="line.separator" value="&#10;"/>
    <property name="java.vm.specification.vendor" value="Oracle Corporation"/>
    <property name="java.specification.name" value="Java Platform API Specification"/>
    <property name="surefire.real.class.path" value="C:\Users\amaia\AppData\Local\Temp\surefire12772306390353847900\surefirebooter6954535750653339926.jar"/>
    <property name="user.script" value=""/>
    <property name="sun.management.compiler" value="HotSpot 64-Bit Tiered Compilers"/>
    <property name="java.runtime.version" value="15+36"/>
    <property name="user.name" value="amaia"/>
    <property name="path.separator" value=";"/>
    <property name="os.version" value="10.0"/>
    <property name="java.runtime.name" value="OpenJDK Runtime Environment"/>
    <property name="file.encoding" value="Cp1252"/>
    <property name="java.vm.name" value="OpenJDK 64-Bit Server VM"/>
    <property name="java.vendor.version" value="AdoptOpenJDK"/>
    <property name="localRepository" value="C:\Users\amaia\.m2\repository"/>
    <property name="java.vendor.url.bug" value="https://github.com/AdoptOpenJDK/openjdk-support/issues"/>
    <property name="java.io.tmpdir" value="C:\Users\amaia\AppData\Local\Temp\"/>
    <property name="java.version" value="15"/>
    <property name="user.dir" value="C:\Users\amaia\Documents\TMP\Uni\Ingenieria informatica\3º\2º cuatri\SPQ\BSPQ21-E1\AirB&amp;V"/>
    <property name="os.arch" value="amd64"/>
    <property name="java.vm.specification.name" value="Java Virtual Machine Specification"/>
    <property name="sun.os.patch.level" value=""/>
    <property name="java.library.path" value="C:\Programming\Java\jdk-15.0.0.36-hotspot\bin;C:\WINDOWS\Sun\Java\bin;C:\WINDOWS\system32;C:\WINDOWS;C:\Program Files\curl\bin;C:\Program Files (x86)\VMware\VMware Player\bin\;C:\Programming\Java\jdk-15.0.0.36-hotspot\bin;C:\Python27\;C:\Python27\Scripts;C:\Program Files (x86)\Intel\Intel(R) Management Engine Components\iCLS\;C:\Program Files\Intel\Intel(R) Management Engine Components\iCLS\;C:\WINDOWS\system32;C:\WINDOWS;C:\WINDOWS\System32\Wbem;C:\WINDOWS\System32\WindowsPowerShell\v1.0\;C:\Program Files (x86)\Intel\Intel(R) Management Engine Components\DAL;C:\Program Files\Intel\Intel(R) Management Engine Components\DAL;C:\Program Files (x86)\Intel\Intel(R) Management Engine Components\IPT;C:\Program Files\Intel\Intel(R) Management Engine Components\IPT;C:\WINDOWS\System32\OpenSSH\;C:\Program Files\Git\cmd;C:\ProgramData\chocolatey\bin;C:\HashiCorp\Vagrant\bin;C:\Program Files\Amazon\AWSCLIV2DevPreview\;C:\MinGW\bin;%NVM_HOME%;C:\Program Files\nodejs;C:\Program Files\Docker\Docker\resources\bin;C:\ProgramData\DockerDesktop\version-bin;C:\apache-ant-1.10.9\bin;C:\mysql-8.0.21-winx64\bin;C:\Program Files\gettext-iconv\bin;C:\Program Files\nodejs\;C:\Users\amaia\Documents\hyperledger\fabric-samples\bin;C:\Programming\Java\apache-maven-3.6.3\bin;C:\Users\amaia\AppData\Local\Programs\Python\Python38-32\Scripts\;C:\Users\amaia\AppData\Local\Programs\Python\Python38-32\;bin;C:\Users\amaia\scoop\apps\yarn\current\Yarn\bin;C:\Users\amaia\scoop\apps\yarn\current\global\node_modules\.bin;C:\Users\amaia\scoop\shims;C:\Program Files\MySQL\MySQL Shell 8.0\bin\;C:\Users\amaia\AppData\Local\Microsoft\WindowsApps;C:\Users\amaia\AppData\Local\GitHubDesktop\bin;C:\Users\amaia\AppData\Roaming\nvm;C:\Program Files\nodejs;C:\Users\amaia\AppData\Local\Microsoft\WindowsApps;C:\Users\amaia\AppData\Local\Programs\MiKTeX\miktex\bin\x64\;C:\Users\amaia\AppData\Roaming\npm;."/>
    <property name="java.vm.info" value="mixed mode, sharing"/>
    <property name="java.vendor" value="AdoptOpenJDK"/>
    <property name="java.vm.version" value="15+36"/>
    <property name="sun.io.unicode.encoding" value="UnicodeLittle"/>
    <property name="java.class.version" value="59.0"/>
  </properties>
  <testcase name="shouldAnswerWithTrue" classname="com.Group01.app.AppTest" time="0"/>
</testsuite>